
 /----------------------------------------------------------------------------\
 |  yosys -- Yosys Open SYnthesis Suite                                       |
 |  Copyright (C) 2012 - 2026  Claire Xenia Wolf <claire@yosyshq.com>         |
 |  Distributed under an ISC-like license, type "license" to see terms        |
 \----------------------------------------------------------------------------/
 Yosys 0.61+112 (git sha1 ac427a79b-dirty, x86_64-w64-mingw32-g++ 13.2.1 -O3)

-- Running command `read_verilog -sv  top.v; script E:/bv-ae/tools/flow.ys; write_json E:/bv-ae/out/case09_alu_small/yosys.json' --

1. Executing Verilog-2005 frontend: top.v
Parsing SystemVerilog input from `top.v' to AST representation.
Generating RTLIL representation for module `\top'.
Successfully finished Verilog frontend.

-- Executing script file `E:/bv-ae/tools/flow.ys' --

2. Executing HIERARCHY pass (managing design hierarchy).

2.1. Finding top of design hierarchy..
root of   0 design levels: top                 
Automatically selected top as design top module.

2.2. Analyzing design hierarchy..
Top module:  \top

2.3. Analyzing design hierarchy..
Top module:  \top
Removed 0 unused modules.

3. Executing PROC pass (convert processes to netlists).

3.1. Executing PROC_CLEAN pass (remove empty switches from decision trees).
Cleaned up 0 empty switches.

3.2. Executing PROC_RMDEAD pass (remove dead branches from decision trees).
Removed 1 dead cases from process $proc$top.v:11$2 in module top.
Marked 1 switch rules as full_case in process $proc$top.v:11$2 in module top.
Removed a total of 1 dead cases.

3.3. Executing PROC_PRUNE pass (remove redundant assignments in processes).
Removed 0 redundant assignments.
Promoted 1 assignment to connection.

3.4. Executing PROC_INIT pass (extract init attributes).

3.5. Executing PROC_ARST pass (detect async resets in processes).

3.6. Executing PROC_ROM pass (convert switches to ROMs).
Converted 0 switches.
<suppressed ~1 debug messages>

3.7. Executing PROC_MUX pass (convert decision trees to multiplexers).
Creating decoders for process `\top.$proc$top.v:11$2'.
     1/1: $1\y[3:0]

3.8. Executing PROC_DLATCH pass (convert process syncs to latches).
No latch inferred for signal `\top.\y' from process `\top.$proc$top.v:11$2'.

3.9. Executing PROC_DFF pass (convert process syncs to FFs).

3.10. Executing PROC_MEMWR pass (convert process memory writes to cells).

3.11. Executing PROC_CLEAN pass (remove empty switches from decision trees).
Found and cleaned up 1 empty switch in `\top.$proc$top.v:11$2'.
Removing empty process `top.$proc$top.v:11$2'.
Cleaned up 1 empty switch.

3.12. Executing OPT_EXPR pass (perform const folding).
Optimizing module top.
<suppressed ~1 debug messages>

4. Executing OPT pass (performing simple optimizations).

4.1. Executing OPT_EXPR pass (perform const folding).
Optimizing module top.

4.2. Executing OPT_MERGE pass (detect identical cells).
Finding identical cells in module `\top'.
Computing hashes of 18 cells of `\top'.
Finding duplicate cells in `\top'.
Computing hashes of 17 cells of `\top'.
Finding duplicate cells in `\top'.
<suppressed ~3 debug messages>
Removed a total of 1 cells.

4.3. Executing OPT_MUXTREE pass (detect dead branches in mux trees).
Running muxtree optimizer on module \top..
  Creating internal representation of mux trees.
  Evaluating internal representation of mux trees.
  Analyzing evaluation results.
Removed 0 multiplexer ports.
<suppressed ~2 debug messages>

4.4. Executing OPT_REDUCE pass (consolidate $*mux and $reduce_* inputs).
  Optimizing cells in module \top.
Performed a total of 0 changes.

4.5. Executing OPT_MERGE pass (detect identical cells).
Finding identical cells in module `\top'.
Computing hashes of 17 cells of `\top'.
Finding duplicate cells in `\top'.
Removed a total of 0 cells.

4.6. Executing OPT_DFF pass (perform DFF optimizations).

4.7. Executing OPT_CLEAN pass (remove unused cells and wires).
Finding unused cells or wires in module \top..
Removed 0 unused cells and 5 unused wires.
<suppressed ~1 debug messages>

4.8. Executing OPT_EXPR pass (perform const folding).
Optimizing module top.

4.9. Rerunning OPT passes. (Maybe there is more to do..)

4.10. Executing OPT_MUXTREE pass (detect dead branches in mux trees).
Running muxtree optimizer on module \top..
  Creating internal representation of mux trees.
  Evaluating internal representation of mux trees.
  Analyzing evaluation results.
Removed 0 multiplexer ports.
<suppressed ~2 debug messages>

4.11. Executing OPT_REDUCE pass (consolidate $*mux and $reduce_* inputs).
  Optimizing cells in module \top.
Performed a total of 0 changes.

4.12. Executing OPT_MERGE pass (detect identical cells).
Finding identical cells in module `\top'.
Computing hashes of 17 cells of `\top'.
Finding duplicate cells in `\top'.
Removed a total of 0 cells.

4.13. Executing OPT_DFF pass (perform DFF optimizations).

4.14. Executing OPT_CLEAN pass (remove unused cells and wires).
Finding unused cells or wires in module \top..

4.15. Executing OPT_EXPR pass (perform const folding).
Optimizing module top.

4.16. Finished fast OPT passes. (There is nothing left to do.)

5. Executing FLATTEN pass (flatten design).

6. Printing statistics.

=== top ===

        +----------Local Count, excluding submodules.
        | 
       20 wires
       52 wire bits
        5 public wires
       16 public wire bits
        5 ports
       16 port bits
       17 cells
        1   $add
        1   $and
        7   $eq
        1   $logic_not
        1   $lt
        1   $or
        1   $pmux
        1   $shl
        1   $shr
        1   $sub
        1   $xor

7. Executing JSON backend.

End of script. Logfile hash: 1bb6fd34e2
Yosys 0.61+112 (git sha1 ac427a79b-dirty, x86_64-w64-mingw32-g++ 13.2.1 -O3)
Time spent: 3% 4x opt_expr (0 sec), 3% 3x opt_merge (0 sec), ...
